08-Jan-2025 12:43:25:4325 [error]: uncaughtException: path is not defined
ReferenceError: path is not defined
    at file:///C:/laragon/www/PMS/server/server.js:28:36
    at ModuleJob.run (node:internal/modules/esm/module_job:268:25)
    at async onImport.tracePromise.__proto__ (node:internal/modules/esm/loader:543:26)
    at async asyncRunEntryPointWithESMLoader (node:internal/modules/run_main:116:5)
ReferenceError: path is not defined
    at file:///C:/laragon/www/PMS/server/server.js:28:36
    at ModuleJob.run (node:internal/modules/esm/module_job:268:25)
    at async onImport.tracePromise.__proto__ (node:internal/modules/esm/loader:543:26)
    at async asyncRunEntryPointWithESMLoader (node:internal/modules/run_main:116:5)
08-Jan-2025 12:44:29:4429 [error]: uncaughtException: path is not defined
ReferenceError: path is not defined
    at file:///C:/laragon/www/PMS/server/server.js:28:36
    at ModuleJob.run (node:internal/modules/esm/module_job:268:25)
    at async onImport.tracePromise.__proto__ (node:internal/modules/esm/loader:543:26)
    at async asyncRunEntryPointWithESMLoader (node:internal/modules/run_main:116:5)
ReferenceError: path is not defined
    at file:///C:/laragon/www/PMS/server/server.js:28:36
    at ModuleJob.run (node:internal/modules/esm/module_job:268:25)
    at async onImport.tracePromise.__proto__ (node:internal/modules/esm/loader:543:26)
    at async asyncRunEntryPointWithESMLoader (node:internal/modules/run_main:116:5)
08-Jan-2025 12:45:10:4510 [error]: uncaughtException: __dirname is not defined in ES module scope
This file is being treated as an ES module because it has a '.js' file extension and 'C:\laragon\www\PMS\server\package.json' contains "type": "module". To treat it as a CommonJS script, rename it to use the '.cjs' file extension.
ReferenceError: __dirname is not defined in ES module scope
This file is being treated as an ES module because it has a '.js' file extension and 'C:\laragon\www\PMS\server\package.json' contains "type": "module". To treat it as a CommonJS script, rename it to use the '.cjs' file extension.
    at file:///C:/laragon/www/PMS/server/server.js:28:46
    at ModuleJob.run (node:internal/modules/esm/module_job:268:25)
    at async onImport.tracePromise.__proto__ (node:internal/modules/esm/loader:543:26)
    at async asyncRunEntryPointWithESMLoader (node:internal/modules/run_main:116:5)
ReferenceError: __dirname is not defined in ES module scope
This file is being treated as an ES module because it has a '.js' file extension and 'C:\laragon\www\PMS\server\package.json' contains "type": "module". To treat it as a CommonJS script, rename it to use the '.cjs' file extension.
    at file:///C:/laragon/www/PMS/server/server.js:28:46
    at ModuleJob.run (node:internal/modules/esm/module_job:268:25)
    at async onImport.tracePromise.__proto__ (node:internal/modules/esm/loader:543:26)
    at async asyncRunEntryPointWithESMLoader (node:internal/modules/run_main:116:5)
08-Jan-2025 12:46:16:4616 [error]: uncaughtException: __dirname is not defined in ES module scope
This file is being treated as an ES module because it has a '.js' file extension and 'C:\laragon\www\PMS\server\package.json' contains "type": "module". To treat it as a CommonJS script, rename it to use the '.cjs' file extension.
ReferenceError: __dirname is not defined in ES module scope
This file is being treated as an ES module because it has a '.js' file extension and 'C:\laragon\www\PMS\server\package.json' contains "type": "module". To treat it as a CommonJS script, rename it to use the '.cjs' file extension.
    at file:///C:/laragon/www/PMS/server/server.js:28:49
    at ModuleJob.run (node:internal/modules/esm/module_job:268:25)
    at async onImport.tracePromise.__proto__ (node:internal/modules/esm/loader:543:26)
    at async asyncRunEntryPointWithESMLoader (node:internal/modules/run_main:116:5)
ReferenceError: __dirname is not defined in ES module scope
This file is being treated as an ES module because it has a '.js' file extension and 'C:\laragon\www\PMS\server\package.json' contains "type": "module". To treat it as a CommonJS script, rename it to use the '.cjs' file extension.
    at file:///C:/laragon/www/PMS/server/server.js:28:49
    at ModuleJob.run (node:internal/modules/esm/module_job:268:25)
    at async onImport.tracePromise.__proto__ (node:internal/modules/esm/loader:543:26)
    at async asyncRunEntryPointWithESMLoader (node:internal/modules/run_main:116:5)
08-Jan-2025 12:47:07:477 [error]: uncaughtException: __dirname is not defined in ES module scope
This file is being treated as an ES module because it has a '.js' file extension and 'C:\laragon\www\PMS\server\package.json' contains "type": "module". To treat it as a CommonJS script, rename it to use the '.cjs' file extension.
ReferenceError: __dirname is not defined in ES module scope
This file is being treated as an ES module because it has a '.js' file extension and 'C:\laragon\www\PMS\server\package.json' contains "type": "module". To treat it as a CommonJS script, rename it to use the '.cjs' file extension.
    at file:///C:/laragon/www/PMS/server/server.js:28:49
    at ModuleJob.run (node:internal/modules/esm/module_job:268:25)
    at async onImport.tracePromise.__proto__ (node:internal/modules/esm/loader:543:26)
    at async asyncRunEntryPointWithESMLoader (node:internal/modules/run_main:116:5)
ReferenceError: __dirname is not defined in ES module scope
This file is being treated as an ES module because it has a '.js' file extension and 'C:\laragon\www\PMS\server\package.json' contains "type": "module". To treat it as a CommonJS script, rename it to use the '.cjs' file extension.
    at file:///C:/laragon/www/PMS/server/server.js:28:49
    at ModuleJob.run (node:internal/modules/esm/module_job:268:25)
    at async onImport.tracePromise.__proto__ (node:internal/modules/esm/loader:543:26)
    at async asyncRunEntryPointWithESMLoader (node:internal/modules/run_main:116:5)
08-Jan-2025 12:48:37:4837 [error]: uncaughtException: fileURLToPath is not defined
ReferenceError: fileURLToPath is not defined
    at file:///C:/laragon/www/PMS/server/server.js:11:20
    at ModuleJob.run (node:internal/modules/esm/module_job:268:25)
    at async onImport.tracePromise.__proto__ (node:internal/modules/esm/loader:543:26)
    at async asyncRunEntryPointWithESMLoader (node:internal/modules/run_main:116:5)
ReferenceError: fileURLToPath is not defined
    at file:///C:/laragon/www/PMS/server/server.js:11:20
    at ModuleJob.run (node:internal/modules/esm/module_job:268:25)
    at async onImport.tracePromise.__proto__ (node:internal/modules/esm/loader:543:26)
    at async asyncRunEntryPointWithESMLoader (node:internal/modules/run_main:116:5)
